{
  "stats": {
    "suites": 7,
    "tests": 21,
    "passes": 21,
    "pending": 0,
    "failures": 0,
    "start": "2021-12-14T08:52:18.548Z",
    "end": "2021-12-14T08:52:53.010Z",
    "duration": 34462,
    "testsRegistered": 21,
    "passPercent": 100,
    "pendingPercent": 0,
    "other": 0,
    "hasOther": false,
    "skipped": 0,
    "hasSkipped": false
  },
  "results": [
    {
      "uuid": "e4a572ca-899e-40b9-b152-eaf815e6d4a4",
      "title": "",
      "fullFile": "cypress/integration/veriff-demo-tests/ui/TC_04_applicationNavigations.spec.js",
      "file": "cypress/integration/veriff-demo-tests/ui/TC_04_applicationNavigations.spec.js",
      "beforeHooks": [],
      "afterHooks": [],
      "tests": [],
      "suites": [
        {
          "uuid": "99b91d19-bd36-472d-8b8c-42df82d9253f",
          "title": "Checks that main navigations are working with the screen size:'samsung-s10'",
          "fullFile": "",
          "file": "",
          "beforeHooks": [],
          "afterHooks": [],
          "tests": [
            {
              "title": "'Privacy Policy' opens and goes back to the landing page",
              "fullTitle": "Checks that main navigations are working with the screen size:'samsung-s10' 'Privacy Policy' opens and goes back to the landing page",
              "timedOut": null,
              "duration": 1988,
              "state": "passed",
              "speed": "fast",
              "pass": true,
              "fail": false,
              "pending": false,
              "context": null,
              "code": "cy.get('a').should('have.text', 'Privacy Policy.').should('be.visible').click(); // User directed to new page\ncy.get('h1').should('have.text', 'Privacy policy'); // User can go back to landing page (back button)\ncy.go('back');\ncy.get('h3').should('have.text', landingPageH1Text);",
              "err": {},
              "uuid": "d1f168ae-979d-4168-be9e-a1dcde9d2399",
              "parentUUID": "99b91d19-bd36-472d-8b8c-42df82d9253f",
              "isHook": false,
              "skipped": false
            },
            {
              "title": "Launches Veriff via 'Incontext' and cancels/continues the veriff process",
              "fullTitle": "Checks that main navigations are working with the screen size:'samsung-s10' Launches Veriff via 'Incontext' and cancels/continues the veriff process",
              "timedOut": null,
              "duration": 2108,
              "state": "passed",
              "speed": "fast",
              "pass": true,
              "fail": false,
              "pending": false,
              "context": null,
              "code": "// 'Incontext' should default value\ncy.get(_selectors.default.launcVia).should('be.checked').and('have.value', 'incontext').should('be.visible');\ncy.get(_selectors.default.submitButton).should('be.visible').click();\ncy.frameLoaded('#veriffFrame');\ncy.iframe().find('h1').should('have.text', demoSessionSecondPageH1Text); // Exit from verify session\ncy.iframe().find(_selectors.default.exitButton).should('be.visible').click(); // Dialogue box opened\ncy.iframe().find(_selectors.default.dialogBox + '> h1').should('have.text', 'Leaving so soon?'); // Continue with verify..\ncy.iframe().find(_selectors.default.dialogBox + ' > div > ' + _selectors.default.dialogueVerifyMeButton).should('be.visible').click();\ncy.iframe().find('h1').should('have.text', demoSessionSecondPageH1Text); // Exit from verify session\ncy.iframe().find(_selectors.default.exitButton).should('be.visible').click(); // Dialogue box opened\ncy.iframe().find(_selectors.default.dialogBox + ' > div > ' + _selectors.default.dialogueExitButton).should('be.visible').click(); // User leaded to the landing page\ncy.get('h3').should('have.text', landingPageH1Text);",
              "err": {},
              "uuid": "cbf8fd6e-be88-483c-ae87-6b492729015c",
              "parentUUID": "99b91d19-bd36-472d-8b8c-42df82d9253f",
              "isHook": false,
              "skipped": false
            },
            {
              "title": "Launches Veriff via 'Redirect' and cancels/continues the veriff process",
              "fullTitle": "Checks that main navigations are working with the screen size:'samsung-s10' Launches Veriff via 'Redirect' and cancels/continues the veriff process",
              "timedOut": null,
              "duration": 3272,
              "state": "passed",
              "speed": "fast",
              "pass": true,
              "fail": false,
              "pending": false,
              "context": null,
              "code": "cy.get(_selectors.default.launcVia).check('redirect');\ncy.get(_selectors.default.submitButton).should('be.visible').click();\ncy.get('h1').should('have.text', demoSessionSecondPageH1Text); // Exit from verify session\ncy.get(_selectors.default.exitButton).should('be.visible').click(); // Dialogue box opened\ncy.get(_selectors.default.dialogBox + '> h1').should('have.text', 'Leaving so soon?'); // Continue with verify..\ncy.get(_selectors.default.dialogBox + ' > div > ' + _selectors.default.dialogueVerifyMeButton).should('be.visible').click();\ncy.get('h1').should('have.text', demoSessionSecondPageH1Text); // Exit from verify session\ncy.get(_selectors.default.exitButton).should('be.visible').click(); // Dialogue box opened > click on exit link\ncy.get(_selectors.default.dialogBox + ' > div > a').should('be.visible').click(); // User to the veriff home page\n// TODO: assert redirection. Not sure why, cypress doesn't handle well this redirection.",
              "err": {},
              "uuid": "0f7a267c-ffe2-4c2a-8e31-5c6d7e92a6c9",
              "parentUUID": "99b91d19-bd36-472d-8b8c-42df82d9253f",
              "isHook": false,
              "skipped": false
            }
          ],
          "suites": [],
          "passes": [
            "d1f168ae-979d-4168-be9e-a1dcde9d2399",
            "cbf8fd6e-be88-483c-ae87-6b492729015c",
            "0f7a267c-ffe2-4c2a-8e31-5c6d7e92a6c9"
          ],
          "failures": [],
          "pending": [],
          "skipped": [],
          "duration": 7368,
          "root": false,
          "rootEmpty": false,
          "_timeout": 2000
        },
        {
          "uuid": "3000a5e0-2f0a-42e2-baf8-6f89d37fc1e6",
          "title": "Checks that main navigations are working with the screen size:'macbook-15'",
          "fullFile": "",
          "file": "",
          "beforeHooks": [],
          "afterHooks": [],
          "tests": [
            {
              "title": "'Privacy Policy' opens and goes back to the landing page",
              "fullTitle": "Checks that main navigations are working with the screen size:'macbook-15' 'Privacy Policy' opens and goes back to the landing page",
              "timedOut": null,
              "duration": 917,
              "state": "passed",
              "speed": "fast",
              "pass": true,
              "fail": false,
              "pending": false,
              "context": null,
              "code": "cy.get('a').should('have.text', 'Privacy Policy.').should('be.visible').click(); // User directed to new page\ncy.get('h1').should('have.text', 'Privacy policy'); // User can go back to landing page (back button)\ncy.go('back');\ncy.get('h3').should('have.text', landingPageH1Text);",
              "err": {},
              "uuid": "e76c0853-5859-4d74-ae42-388abd50642e",
              "parentUUID": "3000a5e0-2f0a-42e2-baf8-6f89d37fc1e6",
              "isHook": false,
              "skipped": false
            },
            {
              "title": "Launches Veriff via 'Incontext' and cancels/continues the veriff process",
              "fullTitle": "Checks that main navigations are working with the screen size:'macbook-15' Launches Veriff via 'Incontext' and cancels/continues the veriff process",
              "timedOut": null,
              "duration": 1522,
              "state": "passed",
              "speed": "fast",
              "pass": true,
              "fail": false,
              "pending": false,
              "context": null,
              "code": "// 'Incontext' should default value\ncy.get(_selectors.default.launcVia).should('be.checked').and('have.value', 'incontext').should('be.visible');\ncy.get(_selectors.default.submitButton).should('be.visible').click();\ncy.frameLoaded('#veriffFrame');\ncy.iframe().find('h1').should('have.text', demoSessionSecondPageH1Text); // Exit from verify session\ncy.iframe().find(_selectors.default.exitButton).should('be.visible').click(); // Dialogue box opened\ncy.iframe().find(_selectors.default.dialogBox + '> h1').should('have.text', 'Leaving so soon?'); // Continue with verify..\ncy.iframe().find(_selectors.default.dialogBox + ' > div > ' + _selectors.default.dialogueVerifyMeButton).should('be.visible').click();\ncy.iframe().find('h1').should('have.text', demoSessionSecondPageH1Text); // Exit from verify session\ncy.iframe().find(_selectors.default.exitButton).should('be.visible').click(); // Dialogue box opened\ncy.iframe().find(_selectors.default.dialogBox + ' > div > ' + _selectors.default.dialogueExitButton).should('be.visible').click(); // User leaded to the landing page\ncy.get('h3').should('have.text', landingPageH1Text);",
              "err": {},
              "uuid": "09f473b4-2887-407a-a42c-ede91564fa65",
              "parentUUID": "3000a5e0-2f0a-42e2-baf8-6f89d37fc1e6",
              "isHook": false,
              "skipped": false
            },
            {
              "title": "Launches Veriff via 'Redirect' and cancels/continues the veriff process",
              "fullTitle": "Checks that main navigations are working with the screen size:'macbook-15' Launches Veriff via 'Redirect' and cancels/continues the veriff process",
              "timedOut": null,
              "duration": 2087,
              "state": "passed",
              "speed": "fast",
              "pass": true,
              "fail": false,
              "pending": false,
              "context": null,
              "code": "cy.get(_selectors.default.launcVia).check('redirect');\ncy.get(_selectors.default.submitButton).should('be.visible').click();\ncy.get('h1').should('have.text', demoSessionSecondPageH1Text); // Exit from verify session\ncy.get(_selectors.default.exitButton).should('be.visible').click(); // Dialogue box opened\ncy.get(_selectors.default.dialogBox + '> h1').should('have.text', 'Leaving so soon?'); // Continue with verify..\ncy.get(_selectors.default.dialogBox + ' > div > ' + _selectors.default.dialogueVerifyMeButton).should('be.visible').click();\ncy.get('h1').should('have.text', demoSessionSecondPageH1Text); // Exit from verify session\ncy.get(_selectors.default.exitButton).should('be.visible').click(); // Dialogue box opened > click on exit link\ncy.get(_selectors.default.dialogBox + ' > div > a').should('be.visible').click(); // User to the veriff home page\n// TODO: assert redirection. Not sure why, cypress doesn't handle well this redirection.",
              "err": {},
              "uuid": "34c25488-fca9-4a42-b892-15f959a6c0c1",
              "parentUUID": "3000a5e0-2f0a-42e2-baf8-6f89d37fc1e6",
              "isHook": false,
              "skipped": false
            }
          ],
          "suites": [],
          "passes": [
            "e76c0853-5859-4d74-ae42-388abd50642e",
            "09f473b4-2887-407a-a42c-ede91564fa65",
            "34c25488-fca9-4a42-b892-15f959a6c0c1"
          ],
          "failures": [],
          "pending": [],
          "skipped": [],
          "duration": 4526,
          "root": false,
          "rootEmpty": false,
          "_timeout": 2000
        },
        {
          "uuid": "691908a1-db65-47ad-82fc-f453fe147248",
          "title": "Checks that main navigations are working with the screen size:'iphone-6'",
          "fullFile": "",
          "file": "",
          "beforeHooks": [],
          "afterHooks": [],
          "tests": [
            {
              "title": "'Privacy Policy' opens and goes back to the landing page",
              "fullTitle": "Checks that main navigations are working with the screen size:'iphone-6' 'Privacy Policy' opens and goes back to the landing page",
              "timedOut": null,
              "duration": 716,
              "state": "passed",
              "speed": "fast",
              "pass": true,
              "fail": false,
              "pending": false,
              "context": null,
              "code": "cy.get('a').should('have.text', 'Privacy Policy.').should('be.visible').click(); // User directed to new page\ncy.get('h1').should('have.text', 'Privacy policy'); // User can go back to landing page (back button)\ncy.go('back');\ncy.get('h3').should('have.text', landingPageH1Text);",
              "err": {},
              "uuid": "9ae66971-5f34-4a2f-a582-39c2e07a7a62",
              "parentUUID": "691908a1-db65-47ad-82fc-f453fe147248",
              "isHook": false,
              "skipped": false
            },
            {
              "title": "Launches Veriff via 'Incontext' and cancels/continues the veriff process",
              "fullTitle": "Checks that main navigations are working with the screen size:'iphone-6' Launches Veriff via 'Incontext' and cancels/continues the veriff process",
              "timedOut": null,
              "duration": 1682,
              "state": "passed",
              "speed": "fast",
              "pass": true,
              "fail": false,
              "pending": false,
              "context": null,
              "code": "// 'Incontext' should default value\ncy.get(_selectors.default.launcVia).should('be.checked').and('have.value', 'incontext').should('be.visible');\ncy.get(_selectors.default.submitButton).should('be.visible').click();\ncy.frameLoaded('#veriffFrame');\ncy.iframe().find('h1').should('have.text', demoSessionSecondPageH1Text); // Exit from verify session\ncy.iframe().find(_selectors.default.exitButton).should('be.visible').click(); // Dialogue box opened\ncy.iframe().find(_selectors.default.dialogBox + '> h1').should('have.text', 'Leaving so soon?'); // Continue with verify..\ncy.iframe().find(_selectors.default.dialogBox + ' > div > ' + _selectors.default.dialogueVerifyMeButton).should('be.visible').click();\ncy.iframe().find('h1').should('have.text', demoSessionSecondPageH1Text); // Exit from verify session\ncy.iframe().find(_selectors.default.exitButton).should('be.visible').click(); // Dialogue box opened\ncy.iframe().find(_selectors.default.dialogBox + ' > div > ' + _selectors.default.dialogueExitButton).should('be.visible').click(); // User leaded to the landing page\ncy.get('h3').should('have.text', landingPageH1Text);",
              "err": {},
              "uuid": "e1d51c29-f85f-401d-b613-f42c7707922a",
              "parentUUID": "691908a1-db65-47ad-82fc-f453fe147248",
              "isHook": false,
              "skipped": false
            },
            {
              "title": "Launches Veriff via 'Redirect' and cancels/continues the veriff process",
              "fullTitle": "Checks that main navigations are working with the screen size:'iphone-6' Launches Veriff via 'Redirect' and cancels/continues the veriff process",
              "timedOut": null,
              "duration": 2062,
              "state": "passed",
              "speed": "fast",
              "pass": true,
              "fail": false,
              "pending": false,
              "context": null,
              "code": "cy.get(_selectors.default.launcVia).check('redirect');\ncy.get(_selectors.default.submitButton).should('be.visible').click();\ncy.get('h1').should('have.text', demoSessionSecondPageH1Text); // Exit from verify session\ncy.get(_selectors.default.exitButton).should('be.visible').click(); // Dialogue box opened\ncy.get(_selectors.default.dialogBox + '> h1').should('have.text', 'Leaving so soon?'); // Continue with verify..\ncy.get(_selectors.default.dialogBox + ' > div > ' + _selectors.default.dialogueVerifyMeButton).should('be.visible').click();\ncy.get('h1').should('have.text', demoSessionSecondPageH1Text); // Exit from verify session\ncy.get(_selectors.default.exitButton).should('be.visible').click(); // Dialogue box opened > click on exit link\ncy.get(_selectors.default.dialogBox + ' > div > a').should('be.visible').click(); // User to the veriff home page\n// TODO: assert redirection. Not sure why, cypress doesn't handle well this redirection.",
              "err": {},
              "uuid": "ad7d8882-491f-4cf0-b668-fb410cb32f39",
              "parentUUID": "691908a1-db65-47ad-82fc-f453fe147248",
              "isHook": false,
              "skipped": false
            }
          ],
          "suites": [],
          "passes": [
            "9ae66971-5f34-4a2f-a582-39c2e07a7a62",
            "e1d51c29-f85f-401d-b613-f42c7707922a",
            "ad7d8882-491f-4cf0-b668-fb410cb32f39"
          ],
          "failures": [],
          "pending": [],
          "skipped": [],
          "duration": 4460,
          "root": false,
          "rootEmpty": false,
          "_timeout": 2000
        },
        {
          "uuid": "72e4a946-2ec3-4f79-8d70-213db56aa89b",
          "title": "Checks that main navigations are working with the screen size:'ipad-2'",
          "fullFile": "",
          "file": "",
          "beforeHooks": [],
          "afterHooks": [],
          "tests": [
            {
              "title": "'Privacy Policy' opens and goes back to the landing page",
              "fullTitle": "Checks that main navigations are working with the screen size:'ipad-2' 'Privacy Policy' opens and goes back to the landing page",
              "timedOut": null,
              "duration": 807,
              "state": "passed",
              "speed": "fast",
              "pass": true,
              "fail": false,
              "pending": false,
              "context": null,
              "code": "cy.get('a').should('have.text', 'Privacy Policy.').should('be.visible').click(); // User directed to new page\ncy.get('h1').should('have.text', 'Privacy policy'); // User can go back to landing page (back button)\ncy.go('back');\ncy.get('h3').should('have.text', landingPageH1Text);",
              "err": {},
              "uuid": "0325e9e0-5c1f-4dc3-a80c-3e234931a8f8",
              "parentUUID": "72e4a946-2ec3-4f79-8d70-213db56aa89b",
              "isHook": false,
              "skipped": false
            },
            {
              "title": "Launches Veriff via 'Incontext' and cancels/continues the veriff process",
              "fullTitle": "Checks that main navigations are working with the screen size:'ipad-2' Launches Veriff via 'Incontext' and cancels/continues the veriff process",
              "timedOut": null,
              "duration": 1352,
              "state": "passed",
              "speed": "fast",
              "pass": true,
              "fail": false,
              "pending": false,
              "context": null,
              "code": "// 'Incontext' should default value\ncy.get(_selectors.default.launcVia).should('be.checked').and('have.value', 'incontext').should('be.visible');\ncy.get(_selectors.default.submitButton).should('be.visible').click();\ncy.frameLoaded('#veriffFrame');\ncy.iframe().find('h1').should('have.text', demoSessionSecondPageH1Text); // Exit from verify session\ncy.iframe().find(_selectors.default.exitButton).should('be.visible').click(); // Dialogue box opened\ncy.iframe().find(_selectors.default.dialogBox + '> h1').should('have.text', 'Leaving so soon?'); // Continue with verify..\ncy.iframe().find(_selectors.default.dialogBox + ' > div > ' + _selectors.default.dialogueVerifyMeButton).should('be.visible').click();\ncy.iframe().find('h1').should('have.text', demoSessionSecondPageH1Text); // Exit from verify session\ncy.iframe().find(_selectors.default.exitButton).should('be.visible').click(); // Dialogue box opened\ncy.iframe().find(_selectors.default.dialogBox + ' > div > ' + _selectors.default.dialogueExitButton).should('be.visible').click(); // User leaded to the landing page\ncy.get('h3').should('have.text', landingPageH1Text);",
              "err": {},
              "uuid": "7300db5d-6fa1-430b-8acd-7e55b15270a3",
              "parentUUID": "72e4a946-2ec3-4f79-8d70-213db56aa89b",
              "isHook": false,
              "skipped": false
            },
            {
              "title": "Launches Veriff via 'Redirect' and cancels/continues the veriff process",
              "fullTitle": "Checks that main navigations are working with the screen size:'ipad-2' Launches Veriff via 'Redirect' and cancels/continues the veriff process",
              "timedOut": null,
              "duration": 2543,
              "state": "passed",
              "speed": "fast",
              "pass": true,
              "fail": false,
              "pending": false,
              "context": null,
              "code": "cy.get(_selectors.default.launcVia).check('redirect');\ncy.get(_selectors.default.submitButton).should('be.visible').click();\ncy.get('h1').should('have.text', demoSessionSecondPageH1Text); // Exit from verify session\ncy.get(_selectors.default.exitButton).should('be.visible').click(); // Dialogue box opened\ncy.get(_selectors.default.dialogBox + '> h1').should('have.text', 'Leaving so soon?'); // Continue with verify..\ncy.get(_selectors.default.dialogBox + ' > div > ' + _selectors.default.dialogueVerifyMeButton).should('be.visible').click();\ncy.get('h1').should('have.text', demoSessionSecondPageH1Text); // Exit from verify session\ncy.get(_selectors.default.exitButton).should('be.visible').click(); // Dialogue box opened > click on exit link\ncy.get(_selectors.default.dialogBox + ' > div > a').should('be.visible').click(); // User to the veriff home page\n// TODO: assert redirection. Not sure why, cypress doesn't handle well this redirection.",
              "err": {},
              "uuid": "36d16c62-e8ec-446d-a4ee-3345151ff7f5",
              "parentUUID": "72e4a946-2ec3-4f79-8d70-213db56aa89b",
              "isHook": false,
              "skipped": false
            }
          ],
          "suites": [],
          "passes": [
            "0325e9e0-5c1f-4dc3-a80c-3e234931a8f8",
            "7300db5d-6fa1-430b-8acd-7e55b15270a3",
            "36d16c62-e8ec-446d-a4ee-3345151ff7f5"
          ],
          "failures": [],
          "pending": [],
          "skipped": [],
          "duration": 4702,
          "root": false,
          "rootEmpty": false,
          "_timeout": 2000
        },
        {
          "uuid": "de56fe78-b900-4ca8-985e-5a40c4d3f4af",
          "title": "Checks that main navigations are working with the screen size:'1920,1080'",
          "fullFile": "",
          "file": "",
          "beforeHooks": [],
          "afterHooks": [],
          "tests": [
            {
              "title": "'Privacy Policy' opens and goes back to the landing page",
              "fullTitle": "Checks that main navigations are working with the screen size:'1920,1080' 'Privacy Policy' opens and goes back to the landing page",
              "timedOut": null,
              "duration": 803,
              "state": "passed",
              "speed": "fast",
              "pass": true,
              "fail": false,
              "pending": false,
              "context": null,
              "code": "cy.get('a').should('have.text', 'Privacy Policy.').should('be.visible').click(); // User directed to new page\ncy.get('h1').should('have.text', 'Privacy policy'); // User can go back to landing page (back button)\ncy.go('back');\ncy.get('h3').should('have.text', landingPageH1Text);",
              "err": {},
              "uuid": "1dfd482e-4801-426b-bc1a-ea0571c036d1",
              "parentUUID": "de56fe78-b900-4ca8-985e-5a40c4d3f4af",
              "isHook": false,
              "skipped": false
            },
            {
              "title": "Launches Veriff via 'Incontext' and cancels/continues the veriff process",
              "fullTitle": "Checks that main navigations are working with the screen size:'1920,1080' Launches Veriff via 'Incontext' and cancels/continues the veriff process",
              "timedOut": null,
              "duration": 1556,
              "state": "passed",
              "speed": "fast",
              "pass": true,
              "fail": false,
              "pending": false,
              "context": null,
              "code": "// 'Incontext' should default value\ncy.get(_selectors.default.launcVia).should('be.checked').and('have.value', 'incontext').should('be.visible');\ncy.get(_selectors.default.submitButton).should('be.visible').click();\ncy.frameLoaded('#veriffFrame');\ncy.iframe().find('h1').should('have.text', demoSessionSecondPageH1Text); // Exit from verify session\ncy.iframe().find(_selectors.default.exitButton).should('be.visible').click(); // Dialogue box opened\ncy.iframe().find(_selectors.default.dialogBox + '> h1').should('have.text', 'Leaving so soon?'); // Continue with verify..\ncy.iframe().find(_selectors.default.dialogBox + ' > div > ' + _selectors.default.dialogueVerifyMeButton).should('be.visible').click();\ncy.iframe().find('h1').should('have.text', demoSessionSecondPageH1Text); // Exit from verify session\ncy.iframe().find(_selectors.default.exitButton).should('be.visible').click(); // Dialogue box opened\ncy.iframe().find(_selectors.default.dialogBox + ' > div > ' + _selectors.default.dialogueExitButton).should('be.visible').click(); // User leaded to the landing page\ncy.get('h3').should('have.text', landingPageH1Text);",
              "err": {},
              "uuid": "920bf41e-f47d-4776-8158-0072c83efaf8",
              "parentUUID": "de56fe78-b900-4ca8-985e-5a40c4d3f4af",
              "isHook": false,
              "skipped": false
            },
            {
              "title": "Launches Veriff via 'Redirect' and cancels/continues the veriff process",
              "fullTitle": "Checks that main navigations are working with the screen size:'1920,1080' Launches Veriff via 'Redirect' and cancels/continues the veriff process",
              "timedOut": null,
              "duration": 1995,
              "state": "passed",
              "speed": "fast",
              "pass": true,
              "fail": false,
              "pending": false,
              "context": null,
              "code": "cy.get(_selectors.default.launcVia).check('redirect');\ncy.get(_selectors.default.submitButton).should('be.visible').click();\ncy.get('h1').should('have.text', demoSessionSecondPageH1Text); // Exit from verify session\ncy.get(_selectors.default.exitButton).should('be.visible').click(); // Dialogue box opened\ncy.get(_selectors.default.dialogBox + '> h1').should('have.text', 'Leaving so soon?'); // Continue with verify..\ncy.get(_selectors.default.dialogBox + ' > div > ' + _selectors.default.dialogueVerifyMeButton).should('be.visible').click();\ncy.get('h1').should('have.text', demoSessionSecondPageH1Text); // Exit from verify session\ncy.get(_selectors.default.exitButton).should('be.visible').click(); // Dialogue box opened > click on exit link\ncy.get(_selectors.default.dialogBox + ' > div > a').should('be.visible').click(); // User to the veriff home page\n// TODO: assert redirection. Not sure why, cypress doesn't handle well this redirection.",
              "err": {},
              "uuid": "a150e5af-bf9a-4290-acc0-d2a783bd72d9",
              "parentUUID": "de56fe78-b900-4ca8-985e-5a40c4d3f4af",
              "isHook": false,
              "skipped": false
            }
          ],
          "suites": [],
          "passes": [
            "1dfd482e-4801-426b-bc1a-ea0571c036d1",
            "920bf41e-f47d-4776-8158-0072c83efaf8",
            "a150e5af-bf9a-4290-acc0-d2a783bd72d9"
          ],
          "failures": [],
          "pending": [],
          "skipped": [],
          "duration": 4354,
          "root": false,
          "rootEmpty": false,
          "_timeout": 2000
        },
        {
          "uuid": "fb47e117-02b3-440d-939e-22e23f720f23",
          "title": "Checks that main navigations are working with the screen size:'2160,1080'",
          "fullFile": "",
          "file": "",
          "beforeHooks": [],
          "afterHooks": [],
          "tests": [
            {
              "title": "'Privacy Policy' opens and goes back to the landing page",
              "fullTitle": "Checks that main navigations are working with the screen size:'2160,1080' 'Privacy Policy' opens and goes back to the landing page",
              "timedOut": null,
              "duration": 768,
              "state": "passed",
              "speed": "fast",
              "pass": true,
              "fail": false,
              "pending": false,
              "context": null,
              "code": "cy.get('a').should('have.text', 'Privacy Policy.').should('be.visible').click(); // User directed to new page\ncy.get('h1').should('have.text', 'Privacy policy'); // User can go back to landing page (back button)\ncy.go('back');\ncy.get('h3').should('have.text', landingPageH1Text);",
              "err": {},
              "uuid": "f02ea853-496a-496a-b0d1-51aec17f8b10",
              "parentUUID": "fb47e117-02b3-440d-939e-22e23f720f23",
              "isHook": false,
              "skipped": false
            },
            {
              "title": "Launches Veriff via 'Incontext' and cancels/continues the veriff process",
              "fullTitle": "Checks that main navigations are working with the screen size:'2160,1080' Launches Veriff via 'Incontext' and cancels/continues the veriff process",
              "timedOut": null,
              "duration": 1565,
              "state": "passed",
              "speed": "fast",
              "pass": true,
              "fail": false,
              "pending": false,
              "context": null,
              "code": "// 'Incontext' should default value\ncy.get(_selectors.default.launcVia).should('be.checked').and('have.value', 'incontext').should('be.visible');\ncy.get(_selectors.default.submitButton).should('be.visible').click();\ncy.frameLoaded('#veriffFrame');\ncy.iframe().find('h1').should('have.text', demoSessionSecondPageH1Text); // Exit from verify session\ncy.iframe().find(_selectors.default.exitButton).should('be.visible').click(); // Dialogue box opened\ncy.iframe().find(_selectors.default.dialogBox + '> h1').should('have.text', 'Leaving so soon?'); // Continue with verify..\ncy.iframe().find(_selectors.default.dialogBox + ' > div > ' + _selectors.default.dialogueVerifyMeButton).should('be.visible').click();\ncy.iframe().find('h1').should('have.text', demoSessionSecondPageH1Text); // Exit from verify session\ncy.iframe().find(_selectors.default.exitButton).should('be.visible').click(); // Dialogue box opened\ncy.iframe().find(_selectors.default.dialogBox + ' > div > ' + _selectors.default.dialogueExitButton).should('be.visible').click(); // User leaded to the landing page\ncy.get('h3').should('have.text', landingPageH1Text);",
              "err": {},
              "uuid": "32b11cbe-b5d2-4ee4-9477-dac59e720d2f",
              "parentUUID": "fb47e117-02b3-440d-939e-22e23f720f23",
              "isHook": false,
              "skipped": false
            },
            {
              "title": "Launches Veriff via 'Redirect' and cancels/continues the veriff process",
              "fullTitle": "Checks that main navigations are working with the screen size:'2160,1080' Launches Veriff via 'Redirect' and cancels/continues the veriff process",
              "timedOut": null,
              "duration": 2206,
              "state": "passed",
              "speed": "fast",
              "pass": true,
              "fail": false,
              "pending": false,
              "context": null,
              "code": "cy.get(_selectors.default.launcVia).check('redirect');\ncy.get(_selectors.default.submitButton).should('be.visible').click();\ncy.get('h1').should('have.text', demoSessionSecondPageH1Text); // Exit from verify session\ncy.get(_selectors.default.exitButton).should('be.visible').click(); // Dialogue box opened\ncy.get(_selectors.default.dialogBox + '> h1').should('have.text', 'Leaving so soon?'); // Continue with verify..\ncy.get(_selectors.default.dialogBox + ' > div > ' + _selectors.default.dialogueVerifyMeButton).should('be.visible').click();\ncy.get('h1').should('have.text', demoSessionSecondPageH1Text); // Exit from verify session\ncy.get(_selectors.default.exitButton).should('be.visible').click(); // Dialogue box opened > click on exit link\ncy.get(_selectors.default.dialogBox + ' > div > a').should('be.visible').click(); // User to the veriff home page\n// TODO: assert redirection. Not sure why, cypress doesn't handle well this redirection.",
              "err": {},
              "uuid": "c76604e8-831e-4e25-8d40-930424c89baa",
              "parentUUID": "fb47e117-02b3-440d-939e-22e23f720f23",
              "isHook": false,
              "skipped": false
            }
          ],
          "suites": [],
          "passes": [
            "f02ea853-496a-496a-b0d1-51aec17f8b10",
            "32b11cbe-b5d2-4ee4-9477-dac59e720d2f",
            "c76604e8-831e-4e25-8d40-930424c89baa"
          ],
          "failures": [],
          "pending": [],
          "skipped": [],
          "duration": 4539,
          "root": false,
          "rootEmpty": false,
          "_timeout": 2000
        },
        {
          "uuid": "3c3d57a0-da26-4616-b808-bc6636f5a5f4",
          "title": "Checks that main navigations are working with the screen size:'1366,768'",
          "fullFile": "",
          "file": "",
          "beforeHooks": [],
          "afterHooks": [],
          "tests": [
            {
              "title": "'Privacy Policy' opens and goes back to the landing page",
              "fullTitle": "Checks that main navigations are working with the screen size:'1366,768' 'Privacy Policy' opens and goes back to the landing page",
              "timedOut": null,
              "duration": 696,
              "state": "passed",
              "speed": "fast",
              "pass": true,
              "fail": false,
              "pending": false,
              "context": null,
              "code": "cy.get('a').should('have.text', 'Privacy Policy.').should('be.visible').click(); // User directed to new page\ncy.get('h1').should('have.text', 'Privacy policy'); // User can go back to landing page (back button)\ncy.go('back');\ncy.get('h3').should('have.text', landingPageH1Text);",
              "err": {},
              "uuid": "21231db8-d847-4131-baac-a91f396c28df",
              "parentUUID": "3c3d57a0-da26-4616-b808-bc6636f5a5f4",
              "isHook": false,
              "skipped": false
            },
            {
              "title": "Launches Veriff via 'Incontext' and cancels/continues the veriff process",
              "fullTitle": "Checks that main navigations are working with the screen size:'1366,768' Launches Veriff via 'Incontext' and cancels/continues the veriff process",
              "timedOut": null,
              "duration": 1367,
              "state": "passed",
              "speed": "fast",
              "pass": true,
              "fail": false,
              "pending": false,
              "context": null,
              "code": "// 'Incontext' should default value\ncy.get(_selectors.default.launcVia).should('be.checked').and('have.value', 'incontext').should('be.visible');\ncy.get(_selectors.default.submitButton).should('be.visible').click();\ncy.frameLoaded('#veriffFrame');\ncy.iframe().find('h1').should('have.text', demoSessionSecondPageH1Text); // Exit from verify session\ncy.iframe().find(_selectors.default.exitButton).should('be.visible').click(); // Dialogue box opened\ncy.iframe().find(_selectors.default.dialogBox + '> h1').should('have.text', 'Leaving so soon?'); // Continue with verify..\ncy.iframe().find(_selectors.default.dialogBox + ' > div > ' + _selectors.default.dialogueVerifyMeButton).should('be.visible').click();\ncy.iframe().find('h1').should('have.text', demoSessionSecondPageH1Text); // Exit from verify session\ncy.iframe().find(_selectors.default.exitButton).should('be.visible').click(); // Dialogue box opened\ncy.iframe().find(_selectors.default.dialogBox + ' > div > ' + _selectors.default.dialogueExitButton).should('be.visible').click(); // User leaded to the landing page\ncy.get('h3').should('have.text', landingPageH1Text);",
              "err": {},
              "uuid": "773fa0f0-6383-4885-b540-753ed0c3e830",
              "parentUUID": "3c3d57a0-da26-4616-b808-bc6636f5a5f4",
              "isHook": false,
              "skipped": false
            },
            {
              "title": "Launches Veriff via 'Redirect' and cancels/continues the veriff process",
              "fullTitle": "Checks that main navigations are working with the screen size:'1366,768' Launches Veriff via 'Redirect' and cancels/continues the veriff process",
              "timedOut": null,
              "duration": 2243,
              "state": "passed",
              "speed": "fast",
              "pass": true,
              "fail": false,
              "pending": false,
              "context": null,
              "code": "cy.get(_selectors.default.launcVia).check('redirect');\ncy.get(_selectors.default.submitButton).should('be.visible').click();\ncy.get('h1').should('have.text', demoSessionSecondPageH1Text); // Exit from verify session\ncy.get(_selectors.default.exitButton).should('be.visible').click(); // Dialogue box opened\ncy.get(_selectors.default.dialogBox + '> h1').should('have.text', 'Leaving so soon?'); // Continue with verify..\ncy.get(_selectors.default.dialogBox + ' > div > ' + _selectors.default.dialogueVerifyMeButton).should('be.visible').click();\ncy.get('h1').should('have.text', demoSessionSecondPageH1Text); // Exit from verify session\ncy.get(_selectors.default.exitButton).should('be.visible').click(); // Dialogue box opened > click on exit link\ncy.get(_selectors.default.dialogBox + ' > div > a').should('be.visible').click(); // User to the veriff home page\n// TODO: assert redirection. Not sure why, cypress doesn't handle well this redirection.",
              "err": {},
              "uuid": "10630553-4576-4ce2-bfbb-cb1a0b0484db",
              "parentUUID": "3c3d57a0-da26-4616-b808-bc6636f5a5f4",
              "isHook": false,
              "skipped": false
            }
          ],
          "suites": [],
          "passes": [
            "21231db8-d847-4131-baac-a91f396c28df",
            "773fa0f0-6383-4885-b540-753ed0c3e830",
            "10630553-4576-4ce2-bfbb-cb1a0b0484db"
          ],
          "failures": [],
          "pending": [],
          "skipped": [],
          "duration": 4306,
          "root": false,
          "rootEmpty": false,
          "_timeout": 2000
        }
      ],
      "passes": [],
      "failures": [],
      "pending": [],
      "skipped": [],
      "duration": 0,
      "root": true,
      "rootEmpty": true,
      "_timeout": 2000
    }
  ],
  "meta": {
    "mocha": {
      "version": "7.0.1"
    },
    "mochawesome": {
      "options": {
        "quiet": false,
        "reportFilename": "testReport",
        "saveHtml": false,
        "saveJson": true,
        "consoleReporter": "spec",
        "useInlineDiffs": false,
        "code": true
      },
      "version": "7.0.1"
    },
    "marge": {
      "options": {
        "overwrite": false,
        "html": false,
        "json": true,
        "reportFilename": "testReport"
      },
      "version": "6.0.1"
    }
  }
}