{
  "stats": {
    "suites": 6,
    "tests": 48,
    "passes": 48,
    "pending": 0,
    "failures": 0,
    "start": "2021-12-14T08:51:58.027Z",
    "end": "2021-12-14T08:52:17.508Z",
    "duration": 19481,
    "testsRegistered": 48,
    "passPercent": 100,
    "pendingPercent": 0,
    "other": 0,
    "hasOther": false,
    "skipped": 0,
    "hasSkipped": false
  },
  "results": [
    {
      "uuid": "c7b1edb2-f81e-4aa3-a6fc-471e3e30d2d7",
      "title": "",
      "fullFile": "cypress/integration/veriff-demo-tests/ui/TC_03_applicationConfE2E.spec.js",
      "file": "cypress/integration/veriff-demo-tests/ui/TC_03_applicationConfE2E.spec.js",
      "beforeHooks": [],
      "afterHooks": [],
      "tests": [],
      "suites": [
        {
          "uuid": "69908794-3739-443a-bdb5-690f5bdbc286",
          "title": "Veriff demo configuration #1 E2E tests",
          "fullFile": "",
          "file": "",
          "beforeHooks": [],
          "afterHooks": [],
          "tests": [
            {
              "title": "Fills the 'Full Name': 'Toomas Lõokene' to the textfield",
              "fullTitle": "Veriff demo configuration #1 E2E tests Fills the 'Full Name': 'Toomas Lõokene' to the textfield",
              "timedOut": null,
              "duration": 1115,
              "state": "passed",
              "speed": "fast",
              "pass": true,
              "fail": false,
              "pending": false,
              "context": null,
              "code": "// Using baseURL \ncy.visit(Cypress.config().baseUrl);\ncy.get(_selectors.default.nameField).clear().type(conf.fullName).and('have.value', conf.fullName);",
              "err": {},
              "uuid": "413b16d7-4fcc-4036-af47-c066b6276334",
              "parentUUID": "69908794-3739-443a-bdb5-690f5bdbc286",
              "isHook": false,
              "skipped": false
            },
            {
              "title": "Selects the 'Session Language': 'Eesti' from the dropdown",
              "fullTitle": "Veriff demo configuration #1 E2E tests Selects the 'Session Language': 'Eesti' from the dropdown",
              "timedOut": null,
              "duration": 198,
              "state": "passed",
              "speed": "fast",
              "pass": true,
              "fail": false,
              "pending": false,
              "context": null,
              "code": "cy.get(_selectors.default.sessionLanguageButton).click();\ncy.get(_selectors.default.selectOption).contains(conf.language).click({\n  force: true\n});\ncy.get(_selectors.default.sessionLanguageButton).contains(conf.language);",
              "err": {},
              "uuid": "78a813a4-f830-4cc8-a795-c27861bb10dd",
              "parentUUID": "69908794-3739-443a-bdb5-690f5bdbc286",
              "isHook": false,
              "skipped": false
            },
            {
              "title": "Select the 'Document country': 'Estonia' from the dropdown",
              "fullTitle": "Veriff demo configuration #1 E2E tests Select the 'Document country': 'Estonia' from the dropdown",
              "timedOut": null,
              "duration": 310,
              "state": "passed",
              "speed": "fast",
              "pass": true,
              "fail": false,
              "pending": false,
              "context": null,
              "code": "cy.get(_selectors.default.documentCountryField).type(conf.country + '{enter}').and('have.value', conf.country);",
              "err": {},
              "uuid": "ac4251fd-644d-4c43-9531-4dd80cf150b8",
              "parentUUID": "69908794-3739-443a-bdb5-690f5bdbc286",
              "isHook": false,
              "skipped": false
            },
            {
              "title": "Selects the 'Document type': 'Passport' from the dropdown",
              "fullTitle": "Veriff demo configuration #1 E2E tests Selects the 'Document type': 'Passport' from the dropdown",
              "timedOut": null,
              "duration": 197,
              "state": "passed",
              "speed": "fast",
              "pass": true,
              "fail": false,
              "pending": false,
              "context": null,
              "code": "cy.get(_selectors.default.documentTypeButton).click();\ncy.get(_selectors.default.selectOption).contains(conf.documentType).click({\n  force: true\n});\ncy.get(_selectors.default.documentTypeButton).contains(conf.documentType);",
              "err": {},
              "uuid": "98e0383c-6d73-4f6c-bb59-9915417d71eb",
              "parentUUID": "69908794-3739-443a-bdb5-690f5bdbc286",
              "isHook": false,
              "skipped": false
            },
            {
              "title": "Makes sure that 'Type of verification' radiobutton default value is 'InContext'",
              "fullTitle": "Veriff demo configuration #1 E2E tests Makes sure that 'Type of verification' radiobutton default value is 'InContext'",
              "timedOut": null,
              "duration": 25,
              "state": "passed",
              "speed": "fast",
              "pass": true,
              "fail": false,
              "pending": false,
              "context": null,
              "code": "cy.get(_selectors.default.launcVia).should('be.checked').and('have.value', 'incontext');",
              "err": {},
              "uuid": "2a552880-dc1c-4357-8f25-7d93c2518880",
              "parentUUID": "69908794-3739-443a-bdb5-690f5bdbc286",
              "isHook": false,
              "skipped": false
            },
            {
              "title": "Clicks on 'Veriff me' button",
              "fullTitle": "Veriff demo configuration #1 E2E tests Clicks on 'Veriff me' button",
              "timedOut": null,
              "duration": 98,
              "state": "passed",
              "speed": "fast",
              "pass": true,
              "fail": false,
              "pending": false,
              "context": null,
              "code": "cy.get(_selectors.default.submitButton).click();",
              "err": {},
              "uuid": "f51ad2c7-5e95-4008-9983-9c6a1a25f0f0",
              "parentUUID": "69908794-3739-443a-bdb5-690f5bdbc286",
              "isHook": false,
              "skipped": false
            },
            {
              "title": "Checks user is leaded to the session details page",
              "fullTitle": "Veriff demo configuration #1 E2E tests Checks user is leaded to the session details page",
              "timedOut": null,
              "duration": 1337,
              "state": "passed",
              "speed": "fast",
              "pass": true,
              "fail": false,
              "pending": false,
              "context": null,
              "code": "cy.frameLoaded('#veriffFrame');\ncy.iframe().find('h1').should('have.text', conf.expectedLabels.demoSessionSecondPageH1Text);",
              "err": {},
              "uuid": "4ff0cd80-a1ef-4d2d-9767-f5599e8e6e1c",
              "parentUUID": "69908794-3739-443a-bdb5-690f5bdbc286",
              "isHook": false,
              "skipped": false
            },
            {
              "title": "Clicks on 'Start session' and check that document: 'Passport' is requested",
              "fullTitle": "Veriff demo configuration #1 E2E tests Clicks on 'Start session' and check that document: 'Passport' is requested",
              "timedOut": null,
              "duration": 482,
              "state": "passed",
              "speed": "fast",
              "pass": true,
              "fail": false,
              "pending": false,
              "context": null,
              "code": "cy.iframe().find(_selectors.default.buttonStartSession).click();\ncy.iframe().find('h1').should('have.text', conf.expectedLabels.demoSessionThirdPageH1Text);",
              "err": {},
              "uuid": "f098a31f-bcd6-48e3-90bb-90e73b43ca94",
              "parentUUID": "69908794-3739-443a-bdb5-690f5bdbc286",
              "isHook": false,
              "skipped": false
            }
          ],
          "suites": [],
          "passes": [
            "413b16d7-4fcc-4036-af47-c066b6276334",
            "78a813a4-f830-4cc8-a795-c27861bb10dd",
            "ac4251fd-644d-4c43-9531-4dd80cf150b8",
            "98e0383c-6d73-4f6c-bb59-9915417d71eb",
            "2a552880-dc1c-4357-8f25-7d93c2518880",
            "f51ad2c7-5e95-4008-9983-9c6a1a25f0f0",
            "4ff0cd80-a1ef-4d2d-9767-f5599e8e6e1c",
            "f098a31f-bcd6-48e3-90bb-90e73b43ca94"
          ],
          "failures": [],
          "pending": [],
          "skipped": [],
          "duration": 3762,
          "root": false,
          "rootEmpty": false,
          "_timeout": 2000
        },
        {
          "uuid": "4a376296-e5a3-4dc9-a084-dc2494e79192",
          "title": "Veriff demo configuration #2 E2E tests",
          "fullFile": "",
          "file": "",
          "beforeHooks": [],
          "afterHooks": [],
          "tests": [
            {
              "title": "Fills the 'Full Name': 'Siim-Malle-Rait Kuri-Muri' to the textfield",
              "fullTitle": "Veriff demo configuration #2 E2E tests Fills the 'Full Name': 'Siim-Malle-Rait Kuri-Muri' to the textfield",
              "timedOut": null,
              "duration": 913,
              "state": "passed",
              "speed": "fast",
              "pass": true,
              "fail": false,
              "pending": false,
              "context": null,
              "code": "// Using baseURL \ncy.visit(Cypress.config().baseUrl);\ncy.get(_selectors.default.nameField).clear().type(conf.fullName).and('have.value', conf.fullName);",
              "err": {},
              "uuid": "900c9d26-83ef-407d-b26e-7db6210b8a1c",
              "parentUUID": "4a376296-e5a3-4dc9-a084-dc2494e79192",
              "isHook": false,
              "skipped": false
            },
            {
              "title": "Selects the 'Session Language': 'Eesti' from the dropdown",
              "fullTitle": "Veriff demo configuration #2 E2E tests Selects the 'Session Language': 'Eesti' from the dropdown",
              "timedOut": null,
              "duration": 233,
              "state": "passed",
              "speed": "fast",
              "pass": true,
              "fail": false,
              "pending": false,
              "context": null,
              "code": "cy.get(_selectors.default.sessionLanguageButton).click();\ncy.get(_selectors.default.selectOption).contains(conf.language).click({\n  force: true\n});\ncy.get(_selectors.default.sessionLanguageButton).contains(conf.language);",
              "err": {},
              "uuid": "ab829102-4ef8-45a7-bca2-a713da237fa1",
              "parentUUID": "4a376296-e5a3-4dc9-a084-dc2494e79192",
              "isHook": false,
              "skipped": false
            },
            {
              "title": "Select the 'Document country': 'Estonia' from the dropdown",
              "fullTitle": "Veriff demo configuration #2 E2E tests Select the 'Document country': 'Estonia' from the dropdown",
              "timedOut": null,
              "duration": 326,
              "state": "passed",
              "speed": "fast",
              "pass": true,
              "fail": false,
              "pending": false,
              "context": null,
              "code": "cy.get(_selectors.default.documentCountryField).type(conf.country + '{enter}').and('have.value', conf.country);",
              "err": {},
              "uuid": "72363fcd-8e2d-4bfc-96ef-c68b31c98ad4",
              "parentUUID": "4a376296-e5a3-4dc9-a084-dc2494e79192",
              "isHook": false,
              "skipped": false
            },
            {
              "title": "Selects the 'Document type': 'ID Card' from the dropdown",
              "fullTitle": "Veriff demo configuration #2 E2E tests Selects the 'Document type': 'ID Card' from the dropdown",
              "timedOut": null,
              "duration": 180,
              "state": "passed",
              "speed": "fast",
              "pass": true,
              "fail": false,
              "pending": false,
              "context": null,
              "code": "cy.get(_selectors.default.documentTypeButton).click();\ncy.get(_selectors.default.selectOption).contains(conf.documentType).click({\n  force: true\n});\ncy.get(_selectors.default.documentTypeButton).contains(conf.documentType);",
              "err": {},
              "uuid": "7530f36c-6190-4b84-82ef-3117ce7ac604",
              "parentUUID": "4a376296-e5a3-4dc9-a084-dc2494e79192",
              "isHook": false,
              "skipped": false
            },
            {
              "title": "Makes sure that 'Type of verification' radiobutton default value is 'InContext'",
              "fullTitle": "Veriff demo configuration #2 E2E tests Makes sure that 'Type of verification' radiobutton default value is 'InContext'",
              "timedOut": null,
              "duration": 26,
              "state": "passed",
              "speed": "fast",
              "pass": true,
              "fail": false,
              "pending": false,
              "context": null,
              "code": "cy.get(_selectors.default.launcVia).should('be.checked').and('have.value', 'incontext');",
              "err": {},
              "uuid": "5c72a7f1-028f-497f-8384-c954996c1a0f",
              "parentUUID": "4a376296-e5a3-4dc9-a084-dc2494e79192",
              "isHook": false,
              "skipped": false
            },
            {
              "title": "Clicks on 'Veriff me' button",
              "fullTitle": "Veriff demo configuration #2 E2E tests Clicks on 'Veriff me' button",
              "timedOut": null,
              "duration": 107,
              "state": "passed",
              "speed": "fast",
              "pass": true,
              "fail": false,
              "pending": false,
              "context": null,
              "code": "cy.get(_selectors.default.submitButton).click();",
              "err": {},
              "uuid": "de7a96bd-86e9-410b-9b31-cf41f7e71a15",
              "parentUUID": "4a376296-e5a3-4dc9-a084-dc2494e79192",
              "isHook": false,
              "skipped": false
            },
            {
              "title": "Checks user is leaded to the session details page",
              "fullTitle": "Veriff demo configuration #2 E2E tests Checks user is leaded to the session details page",
              "timedOut": null,
              "duration": 788,
              "state": "passed",
              "speed": "fast",
              "pass": true,
              "fail": false,
              "pending": false,
              "context": null,
              "code": "cy.frameLoaded('#veriffFrame');\ncy.iframe().find('h1').should('have.text', conf.expectedLabels.demoSessionSecondPageH1Text);",
              "err": {},
              "uuid": "d366469d-5144-4bf6-9e2e-f2b1e7eb91cb",
              "parentUUID": "4a376296-e5a3-4dc9-a084-dc2494e79192",
              "isHook": false,
              "skipped": false
            },
            {
              "title": "Clicks on 'Start session' and check that document: 'ID Card' is requested",
              "fullTitle": "Veriff demo configuration #2 E2E tests Clicks on 'Start session' and check that document: 'ID Card' is requested",
              "timedOut": null,
              "duration": 598,
              "state": "passed",
              "speed": "fast",
              "pass": true,
              "fail": false,
              "pending": false,
              "context": null,
              "code": "cy.iframe().find(_selectors.default.buttonStartSession).click();\ncy.iframe().find('h1').should('have.text', conf.expectedLabels.demoSessionThirdPageH1Text);",
              "err": {},
              "uuid": "a88fdb4e-5d03-410a-8d19-45912e59380e",
              "parentUUID": "4a376296-e5a3-4dc9-a084-dc2494e79192",
              "isHook": false,
              "skipped": false
            }
          ],
          "suites": [],
          "passes": [
            "900c9d26-83ef-407d-b26e-7db6210b8a1c",
            "ab829102-4ef8-45a7-bca2-a713da237fa1",
            "72363fcd-8e2d-4bfc-96ef-c68b31c98ad4",
            "7530f36c-6190-4b84-82ef-3117ce7ac604",
            "5c72a7f1-028f-497f-8384-c954996c1a0f",
            "de7a96bd-86e9-410b-9b31-cf41f7e71a15",
            "d366469d-5144-4bf6-9e2e-f2b1e7eb91cb",
            "a88fdb4e-5d03-410a-8d19-45912e59380e"
          ],
          "failures": [],
          "pending": [],
          "skipped": [],
          "duration": 3171,
          "root": false,
          "rootEmpty": false,
          "_timeout": 2000
        },
        {
          "uuid": "abd274ef-76c9-4058-9e92-e061798f9fb0",
          "title": "Veriff demo configuration #3 E2E tests",
          "fullFile": "",
          "file": "",
          "beforeHooks": [],
          "afterHooks": [],
          "tests": [
            {
              "title": "Fills the 'Full Name': 'Aet Ait' to the textfield",
              "fullTitle": "Veriff demo configuration #3 E2E tests Fills the 'Full Name': 'Aet Ait' to the textfield",
              "timedOut": null,
              "duration": 598,
              "state": "passed",
              "speed": "fast",
              "pass": true,
              "fail": false,
              "pending": false,
              "context": null,
              "code": "// Using baseURL \ncy.visit(Cypress.config().baseUrl);\ncy.get(_selectors.default.nameField).clear().type(conf.fullName).and('have.value', conf.fullName);",
              "err": {},
              "uuid": "27b2bf03-1aa1-47e1-8e67-d06bf37388cf",
              "parentUUID": "abd274ef-76c9-4058-9e92-e061798f9fb0",
              "isHook": false,
              "skipped": false
            },
            {
              "title": "Selects the 'Session Language': 'Eesti' from the dropdown",
              "fullTitle": "Veriff demo configuration #3 E2E tests Selects the 'Session Language': 'Eesti' from the dropdown",
              "timedOut": null,
              "duration": 220,
              "state": "passed",
              "speed": "fast",
              "pass": true,
              "fail": false,
              "pending": false,
              "context": null,
              "code": "cy.get(_selectors.default.sessionLanguageButton).click();\ncy.get(_selectors.default.selectOption).contains(conf.language).click({\n  force: true\n});\ncy.get(_selectors.default.sessionLanguageButton).contains(conf.language);",
              "err": {},
              "uuid": "339deb4d-da39-435b-84ae-7e5a5743ab18",
              "parentUUID": "abd274ef-76c9-4058-9e92-e061798f9fb0",
              "isHook": false,
              "skipped": false
            },
            {
              "title": "Select the 'Document country': 'Estonia' from the dropdown",
              "fullTitle": "Veriff demo configuration #3 E2E tests Select the 'Document country': 'Estonia' from the dropdown",
              "timedOut": null,
              "duration": 309,
              "state": "passed",
              "speed": "fast",
              "pass": true,
              "fail": false,
              "pending": false,
              "context": null,
              "code": "cy.get(_selectors.default.documentCountryField).type(conf.country + '{enter}').and('have.value', conf.country);",
              "err": {},
              "uuid": "27c75028-b707-495d-8912-8943029d48f5",
              "parentUUID": "abd274ef-76c9-4058-9e92-e061798f9fb0",
              "isHook": false,
              "skipped": false
            },
            {
              "title": "Selects the 'Document type': 'Residence Permit' from the dropdown",
              "fullTitle": "Veriff demo configuration #3 E2E tests Selects the 'Document type': 'Residence Permit' from the dropdown",
              "timedOut": null,
              "duration": 180,
              "state": "passed",
              "speed": "fast",
              "pass": true,
              "fail": false,
              "pending": false,
              "context": null,
              "code": "cy.get(_selectors.default.documentTypeButton).click();\ncy.get(_selectors.default.selectOption).contains(conf.documentType).click({\n  force: true\n});\ncy.get(_selectors.default.documentTypeButton).contains(conf.documentType);",
              "err": {},
              "uuid": "bf2a5f0e-93e4-41c4-b26c-b86dc1544074",
              "parentUUID": "abd274ef-76c9-4058-9e92-e061798f9fb0",
              "isHook": false,
              "skipped": false
            },
            {
              "title": "Makes sure that 'Type of verification' radiobutton default value is 'InContext'",
              "fullTitle": "Veriff demo configuration #3 E2E tests Makes sure that 'Type of verification' radiobutton default value is 'InContext'",
              "timedOut": null,
              "duration": 23,
              "state": "passed",
              "speed": "fast",
              "pass": true,
              "fail": false,
              "pending": false,
              "context": null,
              "code": "cy.get(_selectors.default.launcVia).should('be.checked').and('have.value', 'incontext');",
              "err": {},
              "uuid": "57d12b9a-bd4c-4165-937d-3089fb798e2f",
              "parentUUID": "abd274ef-76c9-4058-9e92-e061798f9fb0",
              "isHook": false,
              "skipped": false
            },
            {
              "title": "Clicks on 'Veriff me' button",
              "fullTitle": "Veriff demo configuration #3 E2E tests Clicks on 'Veriff me' button",
              "timedOut": null,
              "duration": 94,
              "state": "passed",
              "speed": "fast",
              "pass": true,
              "fail": false,
              "pending": false,
              "context": null,
              "code": "cy.get(_selectors.default.submitButton).click();",
              "err": {},
              "uuid": "72dfd64b-014a-4561-8c4b-05ecee4c6154",
              "parentUUID": "abd274ef-76c9-4058-9e92-e061798f9fb0",
              "isHook": false,
              "skipped": false
            },
            {
              "title": "Checks user is leaded to the session details page",
              "fullTitle": "Veriff demo configuration #3 E2E tests Checks user is leaded to the session details page",
              "timedOut": null,
              "duration": 1250,
              "state": "passed",
              "speed": "fast",
              "pass": true,
              "fail": false,
              "pending": false,
              "context": null,
              "code": "cy.frameLoaded('#veriffFrame');\ncy.iframe().find('h1').should('have.text', conf.expectedLabels.demoSessionSecondPageH1Text);",
              "err": {},
              "uuid": "f4f34e97-32e2-425e-a6af-4dd977f16648",
              "parentUUID": "abd274ef-76c9-4058-9e92-e061798f9fb0",
              "isHook": false,
              "skipped": false
            },
            {
              "title": "Clicks on 'Start session' and check that document: 'Residence Permit' is requested",
              "fullTitle": "Veriff demo configuration #3 E2E tests Clicks on 'Start session' and check that document: 'Residence Permit' is requested",
              "timedOut": null,
              "duration": 324,
              "state": "passed",
              "speed": "fast",
              "pass": true,
              "fail": false,
              "pending": false,
              "context": null,
              "code": "cy.iframe().find(_selectors.default.buttonStartSession).click();\ncy.iframe().find('h1').should('have.text', conf.expectedLabels.demoSessionThirdPageH1Text);",
              "err": {},
              "uuid": "85147ddc-ce9d-4d0e-b5ed-993c96ff84aa",
              "parentUUID": "abd274ef-76c9-4058-9e92-e061798f9fb0",
              "isHook": false,
              "skipped": false
            }
          ],
          "suites": [],
          "passes": [
            "27b2bf03-1aa1-47e1-8e67-d06bf37388cf",
            "339deb4d-da39-435b-84ae-7e5a5743ab18",
            "27c75028-b707-495d-8912-8943029d48f5",
            "bf2a5f0e-93e4-41c4-b26c-b86dc1544074",
            "57d12b9a-bd4c-4165-937d-3089fb798e2f",
            "72dfd64b-014a-4561-8c4b-05ecee4c6154",
            "f4f34e97-32e2-425e-a6af-4dd977f16648",
            "85147ddc-ce9d-4d0e-b5ed-993c96ff84aa"
          ],
          "failures": [],
          "pending": [],
          "skipped": [],
          "duration": 2998,
          "root": false,
          "rootEmpty": false,
          "_timeout": 2000
        },
        {
          "uuid": "fa8b6fbe-93fe-476a-acbb-834eafd00c62",
          "title": "Veriff demo configuration #4 E2E tests",
          "fullFile": "",
          "file": "",
          "beforeHooks": [],
          "afterHooks": [],
          "tests": [
            {
              "title": "Fills the 'Full Name': 'Leopold Kolmas Üks-jalg-värav' to the textfield",
              "fullTitle": "Veriff demo configuration #4 E2E tests Fills the 'Full Name': 'Leopold Kolmas Üks-jalg-värav' to the textfield",
              "timedOut": null,
              "duration": 873,
              "state": "passed",
              "speed": "fast",
              "pass": true,
              "fail": false,
              "pending": false,
              "context": null,
              "code": "// Using baseURL \ncy.visit(Cypress.config().baseUrl);\ncy.get(_selectors.default.nameField).clear().type(conf.fullName).and('have.value', conf.fullName);",
              "err": {},
              "uuid": "47b0a16b-9cb7-4f9f-b89e-b09772703c35",
              "parentUUID": "fa8b6fbe-93fe-476a-acbb-834eafd00c62",
              "isHook": false,
              "skipped": false
            },
            {
              "title": "Selects the 'Session Language': 'Eesti' from the dropdown",
              "fullTitle": "Veriff demo configuration #4 E2E tests Selects the 'Session Language': 'Eesti' from the dropdown",
              "timedOut": null,
              "duration": 213,
              "state": "passed",
              "speed": "fast",
              "pass": true,
              "fail": false,
              "pending": false,
              "context": null,
              "code": "cy.get(_selectors.default.sessionLanguageButton).click();\ncy.get(_selectors.default.selectOption).contains(conf.language).click({\n  force: true\n});\ncy.get(_selectors.default.sessionLanguageButton).contains(conf.language);",
              "err": {},
              "uuid": "f7c8ff1d-f653-47d2-bb59-cb04e98b6b85",
              "parentUUID": "fa8b6fbe-93fe-476a-acbb-834eafd00c62",
              "isHook": false,
              "skipped": false
            },
            {
              "title": "Select the 'Document country': 'Estonia' from the dropdown",
              "fullTitle": "Veriff demo configuration #4 E2E tests Select the 'Document country': 'Estonia' from the dropdown",
              "timedOut": null,
              "duration": 308,
              "state": "passed",
              "speed": "fast",
              "pass": true,
              "fail": false,
              "pending": false,
              "context": null,
              "code": "cy.get(_selectors.default.documentCountryField).type(conf.country + '{enter}').and('have.value', conf.country);",
              "err": {},
              "uuid": "ac7ce275-5e2f-4f65-a018-def2a95ae0aa",
              "parentUUID": "fa8b6fbe-93fe-476a-acbb-834eafd00c62",
              "isHook": false,
              "skipped": false
            },
            {
              "title": "Selects the 'Document type': 'Driver's license' from the dropdown",
              "fullTitle": "Veriff demo configuration #4 E2E tests Selects the 'Document type': 'Driver's license' from the dropdown",
              "timedOut": null,
              "duration": 167,
              "state": "passed",
              "speed": "fast",
              "pass": true,
              "fail": false,
              "pending": false,
              "context": null,
              "code": "cy.get(_selectors.default.documentTypeButton).click();\ncy.get(_selectors.default.selectOption).contains(conf.documentType).click({\n  force: true\n});\ncy.get(_selectors.default.documentTypeButton).contains(conf.documentType);",
              "err": {},
              "uuid": "106e0ff7-5c22-4174-b8a7-78d513bdc809",
              "parentUUID": "fa8b6fbe-93fe-476a-acbb-834eafd00c62",
              "isHook": false,
              "skipped": false
            },
            {
              "title": "Makes sure that 'Type of verification' radiobutton default value is 'InContext'",
              "fullTitle": "Veriff demo configuration #4 E2E tests Makes sure that 'Type of verification' radiobutton default value is 'InContext'",
              "timedOut": null,
              "duration": 22,
              "state": "passed",
              "speed": "fast",
              "pass": true,
              "fail": false,
              "pending": false,
              "context": null,
              "code": "cy.get(_selectors.default.launcVia).should('be.checked').and('have.value', 'incontext');",
              "err": {},
              "uuid": "d8e3c89f-0619-41d9-a328-24b094d32d36",
              "parentUUID": "fa8b6fbe-93fe-476a-acbb-834eafd00c62",
              "isHook": false,
              "skipped": false
            },
            {
              "title": "Clicks on 'Veriff me' button",
              "fullTitle": "Veriff demo configuration #4 E2E tests Clicks on 'Veriff me' button",
              "timedOut": null,
              "duration": 100,
              "state": "passed",
              "speed": "fast",
              "pass": true,
              "fail": false,
              "pending": false,
              "context": null,
              "code": "cy.get(_selectors.default.submitButton).click();",
              "err": {},
              "uuid": "e51823d5-3e5e-4fb0-b375-151f93c89bfa",
              "parentUUID": "fa8b6fbe-93fe-476a-acbb-834eafd00c62",
              "isHook": false,
              "skipped": false
            },
            {
              "title": "Checks user is leaded to the session details page",
              "fullTitle": "Veriff demo configuration #4 E2E tests Checks user is leaded to the session details page",
              "timedOut": null,
              "duration": 1024,
              "state": "passed",
              "speed": "fast",
              "pass": true,
              "fail": false,
              "pending": false,
              "context": null,
              "code": "cy.frameLoaded('#veriffFrame');\ncy.iframe().find('h1').should('have.text', conf.expectedLabels.demoSessionSecondPageH1Text);",
              "err": {},
              "uuid": "78196417-c206-494f-9790-9c83db2979cf",
              "parentUUID": "fa8b6fbe-93fe-476a-acbb-834eafd00c62",
              "isHook": false,
              "skipped": false
            },
            {
              "title": "Clicks on 'Start session' and check that document: 'Driver's license' is requested",
              "fullTitle": "Veriff demo configuration #4 E2E tests Clicks on 'Start session' and check that document: 'Driver's license' is requested",
              "timedOut": null,
              "duration": 426,
              "state": "passed",
              "speed": "fast",
              "pass": true,
              "fail": false,
              "pending": false,
              "context": null,
              "code": "cy.iframe().find(_selectors.default.buttonStartSession).click();\ncy.iframe().find('h1').should('have.text', conf.expectedLabels.demoSessionThirdPageH1Text);",
              "err": {},
              "uuid": "dab8e3f6-d71f-4c74-af38-21cd86ddba0b",
              "parentUUID": "fa8b6fbe-93fe-476a-acbb-834eafd00c62",
              "isHook": false,
              "skipped": false
            }
          ],
          "suites": [],
          "passes": [
            "47b0a16b-9cb7-4f9f-b89e-b09772703c35",
            "f7c8ff1d-f653-47d2-bb59-cb04e98b6b85",
            "ac7ce275-5e2f-4f65-a018-def2a95ae0aa",
            "106e0ff7-5c22-4174-b8a7-78d513bdc809",
            "d8e3c89f-0619-41d9-a328-24b094d32d36",
            "e51823d5-3e5e-4fb0-b375-151f93c89bfa",
            "78196417-c206-494f-9790-9c83db2979cf",
            "dab8e3f6-d71f-4c74-af38-21cd86ddba0b"
          ],
          "failures": [],
          "pending": [],
          "skipped": [],
          "duration": 3133,
          "root": false,
          "rootEmpty": false,
          "_timeout": 2000
        },
        {
          "uuid": "e160dfb2-0651-42b7-b324-3904a8e952e1",
          "title": "Veriff demo configuration #5 E2E tests",
          "fullFile": "",
          "file": "",
          "beforeHooks": [],
          "afterHooks": [],
          "tests": [
            {
              "title": "Fills the 'Full Name': 'Micheal Jordan Junior' to the textfield",
              "fullTitle": "Veriff demo configuration #5 E2E tests Fills the 'Full Name': 'Micheal Jordan Junior' to the textfield",
              "timedOut": null,
              "duration": 793,
              "state": "passed",
              "speed": "fast",
              "pass": true,
              "fail": false,
              "pending": false,
              "context": null,
              "code": "// Using baseURL \ncy.visit(Cypress.config().baseUrl);\ncy.get(_selectors.default.nameField).clear().type(conf.fullName).and('have.value', conf.fullName);",
              "err": {},
              "uuid": "adfea10d-c77a-4c11-b3e0-aff28edfa1e7",
              "parentUUID": "e160dfb2-0651-42b7-b324-3904a8e952e1",
              "isHook": false,
              "skipped": false
            },
            {
              "title": "Selects the 'Session Language': 'English' from the dropdown",
              "fullTitle": "Veriff demo configuration #5 E2E tests Selects the 'Session Language': 'English' from the dropdown",
              "timedOut": null,
              "duration": 209,
              "state": "passed",
              "speed": "fast",
              "pass": true,
              "fail": false,
              "pending": false,
              "context": null,
              "code": "cy.get(_selectors.default.sessionLanguageButton).click();\ncy.get(_selectors.default.selectOption).contains(conf.language).click({\n  force: true\n});\ncy.get(_selectors.default.sessionLanguageButton).contains(conf.language);",
              "err": {},
              "uuid": "01cf8264-93e2-4ecc-8f19-4b9ee6755609",
              "parentUUID": "e160dfb2-0651-42b7-b324-3904a8e952e1",
              "isHook": false,
              "skipped": false
            },
            {
              "title": "Select the 'Document country': 'United States of America' from the dropdown",
              "fullTitle": "Veriff demo configuration #5 E2E tests Select the 'Document country': 'United States of America' from the dropdown",
              "timedOut": null,
              "duration": 526,
              "state": "passed",
              "speed": "fast",
              "pass": true,
              "fail": false,
              "pending": false,
              "context": null,
              "code": "cy.get(_selectors.default.documentCountryField).type(conf.country + '{enter}').and('have.value', conf.country);",
              "err": {},
              "uuid": "dcefe36e-e841-4ee6-acde-6005e5c1b7f8",
              "parentUUID": "e160dfb2-0651-42b7-b324-3904a8e952e1",
              "isHook": false,
              "skipped": false
            },
            {
              "title": "Selects the 'Document type': 'Passport' from the dropdown",
              "fullTitle": "Veriff demo configuration #5 E2E tests Selects the 'Document type': 'Passport' from the dropdown",
              "timedOut": null,
              "duration": 180,
              "state": "passed",
              "speed": "fast",
              "pass": true,
              "fail": false,
              "pending": false,
              "context": null,
              "code": "cy.get(_selectors.default.documentTypeButton).click();\ncy.get(_selectors.default.selectOption).contains(conf.documentType).click({\n  force: true\n});\ncy.get(_selectors.default.documentTypeButton).contains(conf.documentType);",
              "err": {},
              "uuid": "cb7293c2-2717-409a-a545-92bde272d912",
              "parentUUID": "e160dfb2-0651-42b7-b324-3904a8e952e1",
              "isHook": false,
              "skipped": false
            },
            {
              "title": "Makes sure that 'Type of verification' radiobutton default value is 'InContext'",
              "fullTitle": "Veriff demo configuration #5 E2E tests Makes sure that 'Type of verification' radiobutton default value is 'InContext'",
              "timedOut": null,
              "duration": 22,
              "state": "passed",
              "speed": "fast",
              "pass": true,
              "fail": false,
              "pending": false,
              "context": null,
              "code": "cy.get(_selectors.default.launcVia).should('be.checked').and('have.value', 'incontext');",
              "err": {},
              "uuid": "cd2e9ad1-e60a-470d-ac7c-89d0e6ac9efc",
              "parentUUID": "e160dfb2-0651-42b7-b324-3904a8e952e1",
              "isHook": false,
              "skipped": false
            },
            {
              "title": "Clicks on 'Veriff me' button",
              "fullTitle": "Veriff demo configuration #5 E2E tests Clicks on 'Veriff me' button",
              "timedOut": null,
              "duration": 100,
              "state": "passed",
              "speed": "fast",
              "pass": true,
              "fail": false,
              "pending": false,
              "context": null,
              "code": "cy.get(_selectors.default.submitButton).click();",
              "err": {},
              "uuid": "1af08850-d9a4-4042-873c-e018d1a388ba",
              "parentUUID": "e160dfb2-0651-42b7-b324-3904a8e952e1",
              "isHook": false,
              "skipped": false
            },
            {
              "title": "Checks user is leaded to the session details page",
              "fullTitle": "Veriff demo configuration #5 E2E tests Checks user is leaded to the session details page",
              "timedOut": null,
              "duration": 661,
              "state": "passed",
              "speed": "fast",
              "pass": true,
              "fail": false,
              "pending": false,
              "context": null,
              "code": "cy.frameLoaded('#veriffFrame');\ncy.iframe().find('h1').should('have.text', conf.expectedLabels.demoSessionSecondPageH1Text);",
              "err": {},
              "uuid": "236c1c90-48ca-4b4b-b433-a58f5e693cc3",
              "parentUUID": "e160dfb2-0651-42b7-b324-3904a8e952e1",
              "isHook": false,
              "skipped": false
            },
            {
              "title": "Clicks on 'Start session' and check that document: 'Passport' is requested",
              "fullTitle": "Veriff demo configuration #5 E2E tests Clicks on 'Start session' and check that document: 'Passport' is requested",
              "timedOut": null,
              "duration": 316,
              "state": "passed",
              "speed": "fast",
              "pass": true,
              "fail": false,
              "pending": false,
              "context": null,
              "code": "cy.iframe().find(_selectors.default.buttonStartSession).click();\ncy.iframe().find('h1').should('have.text', conf.expectedLabels.demoSessionThirdPageH1Text);",
              "err": {},
              "uuid": "76a574a4-05b7-475f-91df-f48f28f2a2c8",
              "parentUUID": "e160dfb2-0651-42b7-b324-3904a8e952e1",
              "isHook": false,
              "skipped": false
            }
          ],
          "suites": [],
          "passes": [
            "adfea10d-c77a-4c11-b3e0-aff28edfa1e7",
            "01cf8264-93e2-4ecc-8f19-4b9ee6755609",
            "dcefe36e-e841-4ee6-acde-6005e5c1b7f8",
            "cb7293c2-2717-409a-a545-92bde272d912",
            "cd2e9ad1-e60a-470d-ac7c-89d0e6ac9efc",
            "1af08850-d9a4-4042-873c-e018d1a388ba",
            "236c1c90-48ca-4b4b-b433-a58f5e693cc3",
            "76a574a4-05b7-475f-91df-f48f28f2a2c8"
          ],
          "failures": [],
          "pending": [],
          "skipped": [],
          "duration": 2807,
          "root": false,
          "rootEmpty": false,
          "_timeout": 2000
        },
        {
          "uuid": "581d3b4e-8cfd-44f0-a173-2fd95b15e528",
          "title": "Veriff demo configuration #6 E2E tests",
          "fullFile": "",
          "file": "",
          "beforeHooks": [],
          "afterHooks": [],
          "tests": [
            {
              "title": "Fills the 'Full Name': 'Ahmed von Seseseko O'neil' to the textfield",
              "fullTitle": "Veriff demo configuration #6 E2E tests Fills the 'Full Name': 'Ahmed von Seseseko O'neil' to the textfield",
              "timedOut": null,
              "duration": 913,
              "state": "passed",
              "speed": "fast",
              "pass": true,
              "fail": false,
              "pending": false,
              "context": null,
              "code": "// Using baseURL \ncy.visit(Cypress.config().baseUrl);\ncy.get(_selectors.default.nameField).clear().type(conf.fullName).and('have.value', conf.fullName);",
              "err": {},
              "uuid": "95b7c223-fe3e-43e8-9dfe-82905068f7a9",
              "parentUUID": "581d3b4e-8cfd-44f0-a173-2fd95b15e528",
              "isHook": false,
              "skipped": false
            },
            {
              "title": "Selects the 'Session Language': 'Türkçe' from the dropdown",
              "fullTitle": "Veriff demo configuration #6 E2E tests Selects the 'Session Language': 'Türkçe' from the dropdown",
              "timedOut": null,
              "duration": 216,
              "state": "passed",
              "speed": "fast",
              "pass": true,
              "fail": false,
              "pending": false,
              "context": null,
              "code": "cy.get(_selectors.default.sessionLanguageButton).click();\ncy.get(_selectors.default.selectOption).contains(conf.language).click({\n  force: true\n});\ncy.get(_selectors.default.sessionLanguageButton).contains(conf.language);",
              "err": {},
              "uuid": "e2113799-81d7-44c8-aa94-b830496852d9",
              "parentUUID": "581d3b4e-8cfd-44f0-a173-2fd95b15e528",
              "isHook": false,
              "skipped": false
            },
            {
              "title": "Select the 'Document country': 'Turkey' from the dropdown",
              "fullTitle": "Veriff demo configuration #6 E2E tests Select the 'Document country': 'Turkey' from the dropdown",
              "timedOut": null,
              "duration": 300,
              "state": "passed",
              "speed": "fast",
              "pass": true,
              "fail": false,
              "pending": false,
              "context": null,
              "code": "cy.get(_selectors.default.documentCountryField).type(conf.country + '{enter}').and('have.value', conf.country);",
              "err": {},
              "uuid": "bdfc8424-607e-4a8a-8433-2013b62fb041",
              "parentUUID": "581d3b4e-8cfd-44f0-a173-2fd95b15e528",
              "isHook": false,
              "skipped": false
            },
            {
              "title": "Selects the 'Document type': 'Driver's license' from the dropdown",
              "fullTitle": "Veriff demo configuration #6 E2E tests Selects the 'Document type': 'Driver's license' from the dropdown",
              "timedOut": null,
              "duration": 181,
              "state": "passed",
              "speed": "fast",
              "pass": true,
              "fail": false,
              "pending": false,
              "context": null,
              "code": "cy.get(_selectors.default.documentTypeButton).click();\ncy.get(_selectors.default.selectOption).contains(conf.documentType).click({\n  force: true\n});\ncy.get(_selectors.default.documentTypeButton).contains(conf.documentType);",
              "err": {},
              "uuid": "9661c742-ae00-4649-b847-867195934be0",
              "parentUUID": "581d3b4e-8cfd-44f0-a173-2fd95b15e528",
              "isHook": false,
              "skipped": false
            },
            {
              "title": "Makes sure that 'Type of verification' radiobutton default value is 'InContext'",
              "fullTitle": "Veriff demo configuration #6 E2E tests Makes sure that 'Type of verification' radiobutton default value is 'InContext'",
              "timedOut": null,
              "duration": 22,
              "state": "passed",
              "speed": "fast",
              "pass": true,
              "fail": false,
              "pending": false,
              "context": null,
              "code": "cy.get(_selectors.default.launcVia).should('be.checked').and('have.value', 'incontext');",
              "err": {},
              "uuid": "a9a40d38-7464-4d7a-9f5b-30a82d7513ac",
              "parentUUID": "581d3b4e-8cfd-44f0-a173-2fd95b15e528",
              "isHook": false,
              "skipped": false
            },
            {
              "title": "Clicks on 'Veriff me' button",
              "fullTitle": "Veriff demo configuration #6 E2E tests Clicks on 'Veriff me' button",
              "timedOut": null,
              "duration": 98,
              "state": "passed",
              "speed": "fast",
              "pass": true,
              "fail": false,
              "pending": false,
              "context": null,
              "code": "cy.get(_selectors.default.submitButton).click();",
              "err": {},
              "uuid": "a3e3a0e6-c8b9-4095-8fc8-8228be49aeb2",
              "parentUUID": "581d3b4e-8cfd-44f0-a173-2fd95b15e528",
              "isHook": false,
              "skipped": false
            },
            {
              "title": "Checks user is leaded to the session details page",
              "fullTitle": "Veriff demo configuration #6 E2E tests Checks user is leaded to the session details page",
              "timedOut": null,
              "duration": 1021,
              "state": "passed",
              "speed": "fast",
              "pass": true,
              "fail": false,
              "pending": false,
              "context": null,
              "code": "cy.frameLoaded('#veriffFrame');\ncy.iframe().find('h1').should('have.text', conf.expectedLabels.demoSessionSecondPageH1Text);",
              "err": {},
              "uuid": "81d3a3a2-c632-4c62-9f11-cf859602b114",
              "parentUUID": "581d3b4e-8cfd-44f0-a173-2fd95b15e528",
              "isHook": false,
              "skipped": false
            },
            {
              "title": "Clicks on 'Start session' and check that document: 'Driver's license' is requested",
              "fullTitle": "Veriff demo configuration #6 E2E tests Clicks on 'Start session' and check that document: 'Driver's license' is requested",
              "timedOut": null,
              "duration": 412,
              "state": "passed",
              "speed": "fast",
              "pass": true,
              "fail": false,
              "pending": false,
              "context": null,
              "code": "cy.iframe().find(_selectors.default.buttonStartSession).click();\ncy.iframe().find('h1').should('have.text', conf.expectedLabels.demoSessionThirdPageH1Text);",
              "err": {},
              "uuid": "4336e7f8-cf35-487d-a0a1-841f8b1bc7f0",
              "parentUUID": "581d3b4e-8cfd-44f0-a173-2fd95b15e528",
              "isHook": false,
              "skipped": false
            }
          ],
          "suites": [],
          "passes": [
            "95b7c223-fe3e-43e8-9dfe-82905068f7a9",
            "e2113799-81d7-44c8-aa94-b830496852d9",
            "bdfc8424-607e-4a8a-8433-2013b62fb041",
            "9661c742-ae00-4649-b847-867195934be0",
            "a9a40d38-7464-4d7a-9f5b-30a82d7513ac",
            "a3e3a0e6-c8b9-4095-8fc8-8228be49aeb2",
            "81d3a3a2-c632-4c62-9f11-cf859602b114",
            "4336e7f8-cf35-487d-a0a1-841f8b1bc7f0"
          ],
          "failures": [],
          "pending": [],
          "skipped": [],
          "duration": 3163,
          "root": false,
          "rootEmpty": false,
          "_timeout": 2000
        }
      ],
      "passes": [],
      "failures": [],
      "pending": [],
      "skipped": [],
      "duration": 0,
      "root": true,
      "rootEmpty": true,
      "_timeout": 2000
    }
  ],
  "meta": {
    "mocha": {
      "version": "7.0.1"
    },
    "mochawesome": {
      "options": {
        "quiet": false,
        "reportFilename": "testReport",
        "saveHtml": false,
        "saveJson": true,
        "consoleReporter": "spec",
        "useInlineDiffs": false,
        "code": true
      },
      "version": "7.0.1"
    },
    "marge": {
      "options": {
        "overwrite": false,
        "html": false,
        "json": true,
        "reportFilename": "testReport"
      },
      "version": "6.0.1"
    }
  }
}